<?xml version="1.0" encoding="UTF-8"?>
<testng-results ignored="0" total="3" passed="3" failed="0" skipped="0">
  <reporter-output>
  </reporter-output>
  <suite started-at="2023-12-11T05:09:03Z" name="Default suite" finished-at="2023-12-11T05:09:35Z" duration-ms="32716">
    <groups>
      <group name="cucumber">
        <method signature="AbstractTestNGCucumberTests.runScenario(io.cucumber.testng.PickleEventWrapper, io.cucumber.testng.CucumberFeatureWrapper)[pri:0, instance:com.test.springbdd.Runner@74f5ce22]" name="runScenario" class="io.cucumber.testng.AbstractTestNGCucumberTests"/>
      </group> <!-- cucumber -->
    </groups>
    <test started-at="2023-12-11T05:09:03Z" name="Default test" finished-at="2023-12-11T05:09:35Z" duration-ms="32716">
      <class name="com.test.springbdd.Runner">
        <test-method is-config="true" signature="setUpClass()[pri:0, instance:com.test.springbdd.Runner@74f5ce22]" started-at="2023-12-11T05:09:03Z" name="setUpClass" finished-at="2023-12-11T05:09:03Z" duration-ms="89" status="PASS">
          <reporter-output>
          </reporter-output>
        </test-method> <!-- setUpClass -->
        <test-method signature="runScenario(io.cucumber.testng.PickleEventWrapper, io.cucumber.testng.CucumberFeatureWrapper)[pri:0, instance:com.test.springbdd.Runner@74f5ce22]" started-at="2023-12-11T05:09:03Z" name="runScenario" description="Runs Cucumber Scenarios" data-provider="scenarios" finished-at="2023-12-11T05:09:35Z" duration-ms="32454" status="PASS">
          <params>
            <param index="0">
              <value>
                <![CDATA["verify support link"]]>
              </value>
            </param>
            <param index="1">
              <value>
                <![CDATA["Validate if a song can be added to playlist"]]>
              </value>
            </param>
          </params>
          <reporter-output>
          </reporter-output>
        </test-method> <!-- runScenario -->
        <test-method signature="runScenario(io.cucumber.testng.PickleEventWrapper, io.cucumber.testng.CucumberFeatureWrapper)[pri:0, instance:com.test.springbdd.Runner@74f5ce22]" started-at="2023-12-11T05:09:03Z" name="runScenario" description="Runs Cucumber Scenarios" data-provider="scenarios" finished-at="2023-12-11T05:09:33Z" duration-ms="29616" status="PASS">
          <params>
            <param index="0">
              <value>
                <![CDATA["verify support link"]]>
              </value>
            </param>
            <param index="1">
              <value>
                <![CDATA["Validate if Support page is displayed"]]>
              </value>
            </param>
          </params>
          <reporter-output>
          </reporter-output>
        </test-method> <!-- runScenario -->
        <test-method signature="runScenario(io.cucumber.testng.PickleEventWrapper, io.cucumber.testng.CucumberFeatureWrapper)[pri:0, instance:com.test.springbdd.Runner@74f5ce22]" started-at="2023-12-11T05:09:03Z" name="runScenario" description="Runs Cucumber Scenarios" data-provider="scenarios" finished-at="2023-12-11T05:09:34Z" duration-ms="31285" status="PASS">
          <params>
            <param index="0">
              <value>
                <![CDATA["verify the top results"]]>
              </value>
            </param>
            <param index="1">
              <value>
                <![CDATA["Validate the top results"]]>
              </value>
            </param>
          </params>
          <reporter-output>
          </reporter-output>
        </test-method> <!-- runScenario -->
        <test-method is-config="true" signature="tearDownClass()[pri:0, instance:com.test.springbdd.Runner@74f5ce22]" started-at="2023-12-11T05:09:35Z" name="tearDownClass" finished-at="2023-12-11T05:09:35Z" duration-ms="1" status="PASS">
          <reporter-output>
          </reporter-output>
        </test-method> <!-- tearDownClass -->
      </class> <!-- com.test.springbdd.Runner -->
    </test> <!-- Default test -->
  </suite> <!-- Default suite -->
</testng-results>
